<?xml version="1.0" encoding="UTF-8"?>
<!-- Generated by org.testng.reporters.JUnitReportReporter -->
<testsuite hostname="WARNER" failures="0" tests="1" name="tests.BlazingDemoTest" time="47.709" errors="0" timestamp="2024-12-16T11:54:19 IST" skipped="0">
  <testcase classname="tests.BlazingDemoTest" name="testBlazingDemo" time="47.709"/>
  <system-out/>
</testsuite> <!-- tests.BlazingDemoTest -->
