<?xml version="1.0" encoding="UTF-8"?>
<!-- Generated by org.testng.reporters.JUnitReportReporter -->
<testsuite hostname="WARNER" failures="0" tests="1" name="tests.WithOutExtentReport" time="2.374" errors="0" timestamp="2024-12-13T15:48:41 IST" skipped="0">
  <testcase classname="tests.WithOutExtentReport" name="Negative" time="2.374"/>
  <system-out/>
</testsuite> <!-- tests.WithOutExtentReport -->
